<?xml version="1.0" encoding="UTF-8"?>
<!-- Generated by org.testng.reporters.JUnitReportReporter -->
<testsuite hostname="tm15" name="com.RunnerClass.CucumberRunner" tests="1" failures="0" timestamp="5 Nov 2018 05:11:44 GMT" time="18.135" errors="0">
  <testcase name="feature" time="18.135" classname="com.RunnerClass.CucumberRunner"/>
</testsuite> <!-- com.RunnerClass.CucumberRunner -->
