<?xml version="1.0" encoding="UTF-8"?>
<!-- Generated by org.testng.reporters.JUnitReportReporter -->
<testsuite hostname="tm5" name="com.RunnerClass.CucumberRunner" tests="1" failures="0" timestamp="8 Feb 2018 03:47:31 GMT" time="15.863" errors="0">
  <testcase name="feature" time="15.863" classname="com.RunnerClass.CucumberRunner"/>
</testsuite> <!-- com.RunnerClass.CucumberRunner -->
